<?xml version="1.0" encoding="UTF-8"?>
<beans xmlns="http://www.springframework.org/schema/beans"
	xmlns:xsi="http://www.w3.org/2001/XMLSchema-instance"
	xmlns:p="http://www.springframework.org/schema/p"
	xsi:schemaLocation="http://www.springframework.org/schema/beans http://www.springframework.org/schema/beans/spring-beans.xsd">

	<bean id="ds" class="com.mysql.cj.jdbc.MysqlDataSource" 
		p:url="jdbc:mysql://localhost:3306/student_db"
		p:user="root" p:password="admin" >
	</bean>
	
	<bean id="dbUtils" class="com.jdc.test.utils.db.DbUtils" autowire="constructor"></bean>
</beans>
